<?xml version="1.0" encoding="UTF-8"?>
<!-- Generated by org.testng.reporters.JUnitReportReporter -->
<testsuite skipped="0" hostname="DESKTOP-FEFATMP" name="com.shan.api.testing.DeckOfCardsAPITest" tests="10" failures="0" timestamp="2020-04-21T14:41:59 EDT" time="3.347" errors="0">
  <testcase name="test_04_DeckOfCards_partial_deck" time="0.256" classname="com.shan.api.testing.DeckOfCardsAPITest"/>
  <system-out/>
  <testcase name="test_06_DeckOfCards_piles_shuffle" time="0.245" classname="com.shan.api.testing.DeckOfCardsAPITest"/>
  <system-out/>
  <testcase name="test_07_DeckOfCards_piles_list" time="0.241" classname="com.shan.api.testing.DeckOfCardsAPITest"/>
  <system-out/>
  <testcase name="test_03_DeckOfCards_reshuffle" time="0.378" classname="com.shan.api.testing.DeckOfCardsAPITest"/>
  <system-out/>
  <testcase name="test_08_DeckOfCards_piles_draw_AS" time="0.341" classname="com.shan.api.testing.DeckOfCardsAPITest"/>
  <system-out/>
  <testcase name="test_01_get_DeckOfCards_Status_and_response_check" time="0.330" classname="com.shan.api.testing.DeckOfCardsAPITest"/>
  <system-out/>
  <testcase name="test_02_DeckOfCards_draw_four_cards" time="0.293" classname="com.shan.api.testing.DeckOfCardsAPITest"/>
  <system-out/>
  <testcase name="test_09_DeckOfCards_piles_draw_card_2" time="0.240" classname="com.shan.api.testing.DeckOfCardsAPITest"/>
  <system-out/>
  <testcase name="test_05_DeckOfCards_adding_piles" time="0.248" classname="com.shan.api.testing.DeckOfCardsAPITest"/>
  <system-out/>
  <testcase name="test_010_get_DeckOfCards_add_joker" time="0.775" classname="com.shan.api.testing.DeckOfCardsAPITest"/>
  <system-out/>
</testsuite> <!-- com.shan.api.testing.DeckOfCardsAPITest -->
